2026-06-01 13:12:05,118 [INFO] Iniciando migração JSON → PostgreSQL
2026-06-01 13:13:16,785 [INFO] Iniciando migração JSON → PostgreSQL
2026-06-01 13:15:01,251 [INFO] Iniciando migração JSON → PostgreSQL
2026-06-01 13:15:01,263 [INFO] Domínios carregados: 24
2026-06-01 13:15:01,265 [INFO] Questões já no banco: 0
2026-06-01 13:15:01,277 [INFO] Processando clf-c02.json: 408 questões
2026-06-01 13:15:01,409 [INFO]   ✓ clf-c02.json: 402 inseridas, 6 duplicadas ignoradas
2026-06-01 13:15:01,412 [INFO] Processando saa-c03.json: 300 questões
2026-06-01 13:15:01,506 [INFO]   ✓ saa-c03.json: 293 inseridas, 13 duplicadas ignoradas
2026-06-01 13:15:01,508 [INFO] Processando dva-c02.json: 300 questões
2026-06-01 13:15:01,544 [INFO]   ✓ dva-c02.json: 284 inseridas, 29 duplicadas ignoradas
2026-06-01 13:15:01,546 [INFO] Processando aif-c01.json: 312 questões
2026-06-01 13:15:01,652 [INFO]   ✓ aif-c01.json: 286 inseridas, 55 duplicadas ignoradas
2026-06-01 13:15:01,657 [INFO] ==================================================
2026-06-01 13:15:01,657 [INFO] MIGRAÇÃO CONCLUÍDA
2026-06-01 13:15:01,657 [INFO]   Inseridas: 1265
2026-06-01 13:15:01,657 [INFO]   Duplicadas ignoradas: 55
2026-06-01 13:15:01,657 [INFO]   Erros: 0
2026-06-01 13:15:01,657 [INFO]   Total no banco: 1265
2026-06-01 13:15:01,657 [INFO] ==================================================
2026-06-01 13:15:14,717 [INFO] Iniciando migração JSON → PostgreSQL
2026-06-01 13:15:14,726 [INFO] Domínios carregados: 24
2026-06-01 13:15:14,729 [INFO] Questões já no banco: 1265
2026-06-01 13:15:14,737 [INFO] Processando clf-c02.json: 408 questões
2026-06-01 13:15:14,738 [INFO]   → clf-c02.json: nenhuma questão nova para inserir
2026-06-01 13:15:14,739 [INFO] Processando saa-c03.json: 300 questões
2026-06-01 13:15:14,740 [INFO]   → saa-c03.json: nenhuma questão nova para inserir
2026-06-01 13:15:14,741 [INFO] Processando dva-c02.json: 300 questões
2026-06-01 13:15:14,741 [INFO]   → dva-c02.json: nenhuma questão nova para inserir
2026-06-01 13:15:14,743 [INFO] Processando aif-c01.json: 312 questões
2026-06-01 13:15:14,743 [INFO]   → aif-c01.json: nenhuma questão nova para inserir
2026-06-01 13:15:14,744 [INFO] ==================================================
2026-06-01 13:15:14,744 [INFO] MIGRAÇÃO CONCLUÍDA
2026-06-01 13:15:14,744 [INFO]   Inseridas: 0
2026-06-01 13:15:14,744 [INFO]   Duplicadas ignoradas: 1320
2026-06-01 13:15:14,744 [INFO]   Erros: 0
2026-06-01 13:15:14,744 [INFO]   Total no banco: 1265
2026-06-01 13:15:14,744 [INFO] ==================================================
